\BOOKMARK [0][-]{chapter.1}{\376\377\0001\000\040\000I\000n\000t\000r\000o\000d\000u\000c\000t\000i\000o\000n}{}
\BOOKMARK [1][-]{section.1.1}{\376\377\0001\000.\0001\000\040\000A\000b\000o\000u\000t\000\040\000t\000h\000i\000s\000\040\000m\000a\000n\000u\000a\000l}{chapter.1}
\BOOKMARK [1][-]{section.1.2}{\376\377\0001\000.\0002\000\040\000A\000\040\000q\000u\000i\000c\000k\000\040\000i\000n\000t\000r\000o\000d\000u\000c\000t\000i\000o\000n}{chapter.1}
\BOOKMARK [0][-]{chapter.2}{\376\377\0002\000\040\000C\000h\000a\000n\000g\000e\000\040\000L\000o\000g}{}
\BOOKMARK [1][-]{section.2.1}{\376\377\0002\000.\0001\000\040\000V\000e\000r\000s\000i\000o\000n\000\040\0002\000.\0000}{chapter.2}
\BOOKMARK [1][-]{section.2.2}{\376\377\0002\000.\0002\000\040\000V\000e\000r\000s\000i\000o\000n\000\040\0002\000.\0001}{chapter.2}
\BOOKMARK [0][-]{chapter.3}{\376\377\0003\000\040\000I\000n\000s\000t\000a\000l\000l\000a\000t\000i\000o\000n}{}
\BOOKMARK [1][-]{section.3.1}{\376\377\0003\000.\0001\000\040\000C\000o\000n\000f\000i\000g\000u\000r\000i\000n\000g\000\040\000P\000L\000U\000M\000E\000D}{chapter.3}
\BOOKMARK [2][-]{subsection.3.1.1}{\376\377\0003\000.\0001\000.\0001\000\040\000B\000L\000A\000S\000\040\000a\000n\000d\000\040\000L\000A\000P\000A\000C\000K}{section.3.1}
\BOOKMARK [1][-]{section.3.2}{\376\377\0003\000.\0002\000\040\000C\000o\000m\000p\000i\000l\000i\000n\000g\000\040\000P\000L\000U\000M\000E\000D}{chapter.3}
\BOOKMARK [1][-]{section.3.3}{\376\377\0003\000.\0003\000\040\000I\000n\000s\000t\000a\000l\000l\000i\000n\000g\000\040\000P\000L\000U\000M\000E\000D}{chapter.3}
\BOOKMARK [1][-]{section.3.4}{\376\377\0003\000.\0004\000\040\000P\000a\000t\000c\000h\000i\000n\000g\000\040\000y\000o\000u\000r\000\040\000M\000D\000\040\000c\000o\000d\000e}{chapter.3}
\BOOKMARK [1][-]{section.3.5}{\376\377\0003\000.\0005\000\040\000I\000n\000s\000t\000a\000l\000l\000i\000n\000g\000\040\000P\000L\000U\000M\000E\000D\000\040\000w\000i\000t\000h\000\040\000A\000L\000M\000O\000S\000T}{chapter.3}
\BOOKMARK [1][-]{section.3.6}{\376\377\0003\000.\0006\000\040\000C\000o\000d\000e\000\040\000s\000p\000e\000c\000i\000f\000i\000c\000\040\000n\000o\000t\000e\000s}{chapter.3}
\BOOKMARK [2][-]{subsection.3.6.1}{\376\377\0003\000.\0006\000.\0001\000\040\000a\000m\000b\000e\000r\0001\0004}{section.3.6}
\BOOKMARK [2][-]{subsection.3.6.2}{\376\377\0003\000.\0006\000.\0002\000\040\000g\000r\000o\000m\000a\000c\000s\000-\0004\000.\0005\000.\0005}{section.3.6}
\BOOKMARK [2][-]{subsection.3.6.3}{\376\377\0003\000.\0006\000.\0003\000\040\000g\000r\000o\000m\000a\000c\000s\000-\0004\000.\0006\000.\0007}{section.3.6}
\BOOKMARK [2][-]{subsection.3.6.4}{\376\377\0003\000.\0006\000.\0004\000\040\000g\000r\000o\000m\000a\000c\000s\000-\0005\000.\0000}{section.3.6}
\BOOKMARK [2][-]{subsection.3.6.5}{\376\377\0003\000.\0006\000.\0005\000\040\000l\000a\000m\000m\000p\000s\000-\0006\000A\000p\000r\0001\0003}{section.3.6}
\BOOKMARK [2][-]{subsection.3.6.6}{\376\377\0003\000.\0006\000.\0006\000\040\000n\000a\000m\000d\000-\0002\000.\0008}{section.3.6}
\BOOKMARK [2][-]{subsection.3.6.7}{\376\377\0003\000.\0006\000.\0007\000\040\000n\000a\000m\000d\000-\0002\000.\0009}{section.3.6}
\BOOKMARK [2][-]{subsection.3.6.8}{\376\377\0003\000.\0006\000.\0008\000\040\000q\000e\000s\000p\000r\000e\000s\000s\000o\000-\0005\000.\0000\000.\0002}{section.3.6}
\BOOKMARK [0][-]{chapter.4}{\376\377\0004\000\040\000G\000e\000t\000t\000i\000n\000g\000\040\000s\000t\000a\000r\000t\000e\000d}{}
\BOOKMARK [1][-]{section.4.1}{\376\377\0004\000.\0001\000\040\000P\000l\000u\000m\000e\000d\000\040\000u\000n\000i\000t\000s}{chapter.4}
\BOOKMARK [1][-]{section.4.2}{\376\377\0004\000.\0002\000\040\000U\000N\000I\000T\000S}{chapter.4}
\BOOKMARK [0][-]{chapter.5}{\376\377\0005\000\040\000C\000o\000l\000l\000e\000c\000t\000i\000v\000e\000\040\000v\000a\000r\000i\000a\000b\000l\000e\000s}{}
\BOOKMARK [1][-]{section.5.1}{\376\377\0005\000.\0001\000\040\000G\000r\000o\000u\000p\000s\000\040\000a\000n\000d\000\040\000V\000i\000r\000t\000u\000a\000l\000\040\000A\000t\000o\000m\000s}{chapter.5}
\BOOKMARK [2][-]{subsection.5.1.1}{\376\377\0005\000.\0001\000.\0001\000\040\000S\000p\000e\000c\000i\000f\000y\000i\000n\000g\000\040\000A\000t\000o\000m\000s}{section.5.1}
\BOOKMARK [3][-]{subsubsection.5.1.1.1}{\376\377\0005\000.\0001\000.\0001\000.\0001\000\040\000M\000o\000l\000e\000c\000u\000l\000e\000s}{subsection.5.1.1}
\BOOKMARK [3][-]{subsubsection.5.1.1.2}{\376\377\0005\000.\0001\000.\0001\000.\0002\000\040\000B\000r\000o\000k\000e\000n\000\040\000M\000o\000l\000e\000c\000u\000l\000e\000s\000\040\000a\000n\000d\000\040\000P\000B\000C}{subsection.5.1.1}
\BOOKMARK [2][-]{subsection.5.1.2}{\376\377\0005\000.\0001\000.\0002\000\040\000V\000i\000r\000t\000u\000a\000l\000\040\000A\000t\000o\000m\000s}{section.5.1}
\BOOKMARK [2][-]{subsection.5.1.3}{\376\377\0005\000.\0001\000.\0003\000\040\000G\000R\000O\000U\000P}{section.5.1}
\BOOKMARK [2][-]{subsection.5.1.4}{\376\377\0005\000.\0001\000.\0004\000\040\000M\000O\000L\000I\000N\000F\000O}{section.5.1}
\BOOKMARK [2][-]{subsection.5.1.5}{\376\377\0005\000.\0001\000.\0005\000\040\000W\000H\000O\000L\000E\000M\000O\000L\000E\000C\000U\000L\000E\000S}{section.5.1}
\BOOKMARK [2][-]{subsection.5.1.6}{\376\377\0005\000.\0001\000.\0006\000\040\000F\000I\000T\000\137\000T\000O\000\137\000T\000E\000M\000P\000L\000A\000T\000E}{section.5.1}
\BOOKMARK [2][-]{subsection.5.1.7}{\376\377\0005\000.\0001\000.\0007\000\040\000C\000E\000N\000T\000E\000R}{section.5.1}
\BOOKMARK [2][-]{subsection.5.1.8}{\376\377\0005\000.\0001\000.\0008\000\040\000C\000O\000M}{section.5.1}
\BOOKMARK [2][-]{subsection.5.1.9}{\376\377\0005\000.\0001\000.\0009\000\040\000G\000H\000O\000S\000T}{section.5.1}
\BOOKMARK [1][-]{section.5.2}{\376\377\0005\000.\0002\000\040\000C\000V\000\040\000D\000o\000c\000u\000m\000e\000n\000t\000a\000t\000i\000o\000n}{chapter.5}
\BOOKMARK [2][-]{subsection.5.2.1}{\376\377\0005\000.\0002\000.\0001\000\040\000A\000L\000P\000H\000A\000B\000E\000T\000A}{section.5.2}
\BOOKMARK [2][-]{subsection.5.2.2}{\376\377\0005\000.\0002\000.\0002\000\040\000A\000L\000P\000H\000A\000R\000M\000S\000D}{section.5.2}
\BOOKMARK [2][-]{subsection.5.2.3}{\376\377\0005\000.\0002\000.\0003\000\040\000A\000N\000G\000L\000E}{section.5.2}
\BOOKMARK [2][-]{subsection.5.2.4}{\376\377\0005\000.\0002\000.\0004\000\040\000A\000N\000T\000I\000B\000E\000T\000A\000R\000M\000S\000D}{section.5.2}
\BOOKMARK [2][-]{subsection.5.2.5}{\376\377\0005\000.\0002\000.\0005\000\040\000C\000E\000L\000L}{section.5.2}
\BOOKMARK [2][-]{subsection.5.2.6}{\376\377\0005\000.\0002\000.\0006\000\040\000C\000H\0003\000S\000H\000I\000F\000T\000S}{section.5.2}
\BOOKMARK [2][-]{subsection.5.2.7}{\376\377\0005\000.\0002\000.\0007\000\040\000C\000O\000N\000S\000T\000A\000N\000T}{section.5.2}
\BOOKMARK [2][-]{subsection.5.2.8}{\376\377\0005\000.\0002\000.\0008\000\040\000C\000O\000N\000T\000A\000C\000T\000M\000A\000P}{section.5.2}
\BOOKMARK [2][-]{subsection.5.2.9}{\376\377\0005\000.\0002\000.\0009\000\040\000C\000O\000O\000R\000D\000I\000N\000A\000T\000I\000O\000N}{section.5.2}
\BOOKMARK [2][-]{subsection.5.2.10}{\376\377\0005\000.\0002\000.\0001\0000\000\040\000C\000S\0002\000B\000A\000C\000K\000B\000O\000N\000E}{section.5.2}
\BOOKMARK [2][-]{subsection.5.2.11}{\376\377\0005\000.\0002\000.\0001\0001\000\040\000D\000H\000E\000N\000E\000R\000G\000Y}{section.5.2}
\BOOKMARK [2][-]{subsection.5.2.12}{\376\377\0005\000.\0002\000.\0001\0002\000\040\000D\000I\000H\000C\000O\000R}{section.5.2}
\BOOKMARK [2][-]{subsection.5.2.13}{\376\377\0005\000.\0002\000.\0001\0003\000\040\000D\000I\000P\000O\000L\000E}{section.5.2}
\BOOKMARK [2][-]{subsection.5.2.14}{\376\377\0005\000.\0002\000.\0001\0004\000\040\000D\000I\000S\000T\000A\000N\000C\000E}{section.5.2}
\BOOKMARK [2][-]{subsection.5.2.15}{\376\377\0005\000.\0002\000.\0001\0005\000\040\000E\000N\000E\000R\000G\000Y}{section.5.2}
\BOOKMARK [2][-]{subsection.5.2.16}{\376\377\0005\000.\0002\000.\0001\0006\000\040\000F\000A\000K\000E}{section.5.2}
\BOOKMARK [2][-]{subsection.5.2.17}{\376\377\0005\000.\0002\000.\0001\0007\000\040\000G\000P\000R\000O\000P\000E\000R\000T\000Y\000M\000A\000P}{section.5.2}
\BOOKMARK [2][-]{subsection.5.2.18}{\376\377\0005\000.\0002\000.\0001\0008\000\040\000G\000Y\000R\000A\000T\000I\000O\000N}{section.5.2}
\BOOKMARK [2][-]{subsection.5.2.19}{\376\377\0005\000.\0002\000.\0001\0009\000\040\000N\000O\000E}{section.5.2}
\BOOKMARK [2][-]{subsection.5.2.20}{\376\377\0005\000.\0002\000.\0002\0000\000\040\000P\000A\000R\000A\000B\000E\000T\000A\000R\000M\000S\000D}{section.5.2}
\BOOKMARK [2][-]{subsection.5.2.21}{\376\377\0005\000.\0002\000.\0002\0001\000\040\000P\000A\000T\000H\000M\000S\000D}{section.5.2}
\BOOKMARK [2][-]{subsection.5.2.22}{\376\377\0005\000.\0002\000.\0002\0002\000\040\000P\000A\000T\000H}{section.5.2}
\BOOKMARK [2][-]{subsection.5.2.23}{\376\377\0005\000.\0002\000.\0002\0003\000\040\000P\000O\000S\000I\000T\000I\000O\000N}{section.5.2}
\BOOKMARK [2][-]{subsection.5.2.24}{\376\377\0005\000.\0002\000.\0002\0004\000\040\000P\000R\000O\000P\000E\000R\000T\000Y\000M\000A\000P}{section.5.2}
\BOOKMARK [2][-]{subsection.5.2.25}{\376\377\0005\000.\0002\000.\0002\0005\000\040\000R\000D\000C}{section.5.2}
\BOOKMARK [2][-]{subsection.5.2.26}{\376\377\0005\000.\0002\000.\0002\0006\000\040\000T\000E\000M\000P\000L\000A\000T\000E}{section.5.2}
\BOOKMARK [2][-]{subsection.5.2.27}{\376\377\0005\000.\0002\000.\0002\0007\000\040\000T\000O\000R\000S\000I\000O\000N}{section.5.2}
\BOOKMARK [2][-]{subsection.5.2.28}{\376\377\0005\000.\0002\000.\0002\0008\000\040\000V\000O\000L\000U\000M\000E}{section.5.2}
\BOOKMARK [1][-]{section.5.3}{\376\377\0005\000.\0003\000\040\000D\000i\000s\000t\000a\000n\000c\000e\000s\000\040\000f\000r\000o\000m\000\040\000r\000e\000f\000e\000r\000e\000n\000c\000e\000\040\000c\000o\000n\000f\000i\000g\000u\000r\000a\000t\000i\000o\000n\000s}{chapter.5}
\BOOKMARK [2][-]{subsection.5.3.1}{\376\377\0005\000.\0003\000.\0001\000\040\000D\000R\000M\000S\000D}{section.5.3}
\BOOKMARK [2][-]{subsection.5.3.2}{\376\377\0005\000.\0003\000.\0002\000\040\000M\000U\000L\000T\000I\000-\000R\000M\000S\000D}{section.5.3}
\BOOKMARK [2][-]{subsection.5.3.3}{\376\377\0005\000.\0003\000.\0003\000\040\000R\000M\000S\000D}{section.5.3}
\BOOKMARK [2][-]{subsection.5.3.4}{\376\377\0005\000.\0003\000.\0004\000\040\000T\000A\000R\000G\000E\000T}{section.5.3}
\BOOKMARK [1][-]{section.5.4}{\376\377\0005\000.\0004\000\040\000F\000u\000n\000c\000t\000i\000o\000n\000s}{chapter.5}
\BOOKMARK [2][-]{subsection.5.4.1}{\376\377\0005\000.\0004\000.\0001\000\040\000C\000O\000M\000B\000I\000N\000E}{section.5.4}
\BOOKMARK [2][-]{subsection.5.4.2}{\376\377\0005\000.\0004\000.\0002\000\040\000E\000N\000S\000E\000M\000B\000L\000E}{section.5.4}
\BOOKMARK [2][-]{subsection.5.4.3}{\376\377\0005\000.\0004\000.\0003\000\040\000F\000U\000N\000C\000P\000A\000T\000H\000M\000S\000D}{section.5.4}
\BOOKMARK [2][-]{subsection.5.4.4}{\376\377\0005\000.\0004\000.\0004\000\040\000F\000U\000N\000C\000S\000U\000M\000H\000I\000L\000L\000S}{section.5.4}
\BOOKMARK [2][-]{subsection.5.4.5}{\376\377\0005\000.\0004\000.\0005\000\040\000M\000A\000T\000H\000E\000V\000A\000L}{section.5.4}
\BOOKMARK [3][-]{subsubsection.5.4.5.1}{\376\377\0005\000.\0004\000.\0005\000.\0001\000\040\000T\000I\000M\000E}{subsection.5.4.5}
\BOOKMARK [2][-]{subsection.5.4.6}{\376\377\0005\000.\0004\000.\0006\000\040\000P\000I\000E\000C\000E\000W\000I\000S\000E}{section.5.4}
\BOOKMARK [2][-]{subsection.5.4.7}{\376\377\0005\000.\0004\000.\0007\000\040\000S\000O\000R\000T}{section.5.4}
\BOOKMARK [1][-]{section.5.5}{\376\377\0005\000.\0005\000\040\000M\000u\000l\000t\000i\000C\000o\000l\000v\000a\000r\000\040\000D\000o\000c\000u\000m\000e\000n\000t\000a\000t\000i\000o\000n}{chapter.5}
\BOOKMARK [2][-]{subsection.5.5.1}{\376\377\0005\000.\0005\000.\0001\000\040\000M\000u\000l\000t\000i\000C\000o\000l\000v\000a\000r\000\040\000f\000u\000n\000c\000t\000i\000o\000n\000s}{section.5.5}
\BOOKMARK [2][-]{subsection.5.5.2}{\376\377\0005\000.\0005\000.\0002\000\040\000M\000u\000l\000t\000i\000C\000o\000l\000v\000a\000r\000\040\000b\000i\000a\000s}{section.5.5}
\BOOKMARK [2][-]{subsection.5.5.3}{\376\377\0005\000.\0005\000.\0003\000\040\000A\000N\000G\000L\000E\000S}{section.5.5}
\BOOKMARK [2][-]{subsection.5.5.4}{\376\377\0005\000.\0005\000.\0004\000\040\000B\000R\000I\000D\000G\000E}{section.5.5}
\BOOKMARK [2][-]{subsection.5.5.5}{\376\377\0005\000.\0005\000.\0005\000\040\000C\000O\000O\000R\000D\000I\000N\000A\000T\000I\000O\000N\000N\000U\000M\000B\000E\000R}{section.5.5}
\BOOKMARK [2][-]{subsection.5.5.6}{\376\377\0005\000.\0005\000.\0006\000\040\000D\000E\000N\000S\000I\000T\000Y}{section.5.5}
\BOOKMARK [2][-]{subsection.5.5.7}{\376\377\0005\000.\0005\000.\0007\000\040\000D\000I\000S\000T\000A\000N\000C\000E\000S}{section.5.5}
\BOOKMARK [2][-]{subsection.5.5.8}{\376\377\0005\000.\0005\000.\0008\000\040\000F\000C\000C\000U\000B\000I\000C}{section.5.5}
\BOOKMARK [2][-]{subsection.5.5.9}{\376\377\0005\000.\0005\000.\0009\000\040\000M\000O\000L\000E\000C\000U\000L\000E\000S}{section.5.5}
\BOOKMARK [2][-]{subsection.5.5.10}{\376\377\0005\000.\0005\000.\0001\0000\000\040\000Q\0003}{section.5.5}
\BOOKMARK [2][-]{subsection.5.5.11}{\376\377\0005\000.\0005\000.\0001\0001\000\040\000Q\0004}{section.5.5}
\BOOKMARK [2][-]{subsection.5.5.12}{\376\377\0005\000.\0005\000.\0001\0002\000\040\000Q\0006}{section.5.5}
\BOOKMARK [2][-]{subsection.5.5.13}{\376\377\0005\000.\0005\000.\0001\0003\000\040\000S\000I\000M\000P\000L\000E\000C\000U\000B\000I\000C}{section.5.5}
\BOOKMARK [2][-]{subsection.5.5.14}{\376\377\0005\000.\0005\000.\0001\0004\000\040\000T\000E\000T\000R\000A\000H\000E\000D\000R\000A\000L}{section.5.5}
\BOOKMARK [2][-]{subsection.5.5.15}{\376\377\0005\000.\0005\000.\0001\0005\000\040\000T\000O\000R\000S\000I\000O\000N\000S}{section.5.5}
\BOOKMARK [2][-]{subsection.5.5.16}{\376\377\0005\000.\0005\000.\0001\0006\000\040\000X\000D\000I\000S\000T\000A\000N\000C\000E\000S}{section.5.5}
\BOOKMARK [2][-]{subsection.5.5.17}{\376\377\0005\000.\0005\000.\0001\0007\000\040\000Y\000D\000I\000S\000T\000A\000N\000C\000E\000S}{section.5.5}
\BOOKMARK [2][-]{subsection.5.5.18}{\376\377\0005\000.\0005\000.\0001\0008\000\040\000Z\000D\000I\000S\000T\000A\000N\000C\000E\000S}{section.5.5}
\BOOKMARK [2][-]{subsection.5.5.19}{\376\377\0005\000.\0005\000.\0001\0009\000\040\000A\000R\000O\000U\000N\000D}{section.5.5}
\BOOKMARK [2][-]{subsection.5.5.20}{\376\377\0005\000.\0005\000.\0002\0000\000\040\000L\000O\000C\000A\000L\000\137\000A\000V\000E\000R\000A\000G\000E}{section.5.5}
\BOOKMARK [2][-]{subsection.5.5.21}{\376\377\0005\000.\0005\000.\0002\0001\000\040\000L\000O\000C\000A\000L\000\137\000Q\0003}{section.5.5}
\BOOKMARK [2][-]{subsection.5.5.22}{\376\377\0005\000.\0005\000.\0002\0002\000\040\000L\000O\000C\000A\000L\000\137\000Q\0004}{section.5.5}
\BOOKMARK [2][-]{subsection.5.5.23}{\376\377\0005\000.\0005\000.\0002\0003\000\040\000L\000O\000C\000A\000L\000\137\000Q\0006}{section.5.5}
\BOOKMARK [2][-]{subsection.5.5.24}{\376\377\0005\000.\0005\000.\0002\0004\000\040\000N\000L\000I\000N\000K\000S}{section.5.5}
\BOOKMARK [2][-]{subsection.5.5.25}{\376\377\0005\000.\0005\000.\0002\0005\000\040\000S\000P\000R\000I\000N\000T}{section.5.5}
\BOOKMARK [2][-]{subsection.5.5.26}{\376\377\0005\000.\0005\000.\0002\0006\000\040\000U\000W\000A\000L\000L\000S}{section.5.5}
\BOOKMARK [0][-]{chapter.6}{\376\377\0006\000\040\000A\000n\000a\000l\000y\000s\000i\000s}{}
\BOOKMARK [1][-]{section.6.1}{\376\377\0006\000.\0001\000\040\000C\000L\000A\000S\000S\000I\000C\000A\000L\000\137\000M\000D\000S}{chapter.6}
\BOOKMARK [2][-]{subsection.6.1.1}{\376\377\0006\000.\0001\000.\0001\000\040\000M\000e\000t\000h\000o\000d\000\040\000o\000f\000\040\000o\000p\000t\000i\000m\000i\000s\000a\000t\000i\000o\000n}{section.6.1}
\BOOKMARK [1][-]{section.6.2}{\376\377\0006\000.\0002\000\040\000C\000O\000M\000M\000I\000T\000T\000O\000R}{chapter.6}
\BOOKMARK [1][-]{section.6.3}{\376\377\0006\000.\0003\000\040\000D\000U\000M\000P\000A\000T\000O\000M\000S}{chapter.6}
\BOOKMARK [1][-]{section.6.4}{\376\377\0006\000.\0004\000\040\000D\000U\000M\000P\000D\000E\000R\000I\000V\000A\000T\000I\000V\000E\000S}{chapter.6}
\BOOKMARK [1][-]{section.6.5}{\376\377\0006\000.\0005\000\040\000D\000U\000M\000P\000F\000O\000R\000C\000E\000S}{chapter.6}
\BOOKMARK [1][-]{section.6.6}{\376\377\0006\000.\0006\000\040\000D\000U\000M\000P\000M\000U\000L\000T\000I\000C\000O\000L\000V\000A\000R}{chapter.6}
\BOOKMARK [1][-]{section.6.7}{\376\377\0006\000.\0007\000\040\000D\000U\000M\000P\000P\000R\000O\000J\000E\000C\000T\000I\000O\000N\000S}{chapter.6}
\BOOKMARK [1][-]{section.6.8}{\376\377\0006\000.\0008\000\040\000H\000I\000S\000T\000O\000G\000R\000A\000M}{chapter.6}
\BOOKMARK [1][-]{section.6.9}{\376\377\0006\000.\0009\000\040\000P\000R\000I\000N\000T}{chapter.6}
\BOOKMARK [2][-]{subsection.6.9.1}{\376\377\0006\000.\0009\000.\0001\000\040\000F\000L\000U\000S\000H}{section.6.9}
\BOOKMARK [0][-]{chapter.7}{\376\377\0007\000\040\000B\000i\000a\000s}{}
\BOOKMARK [1][-]{section.7.1}{\376\377\0007\000.\0001\000\040\000A\000B\000M\000D}{chapter.7}
\BOOKMARK [1][-]{section.7.2}{\376\377\0007\000.\0002\000\040\000B\000I\000A\000S\000V\000A\000L\000U\000E}{chapter.7}
\BOOKMARK [1][-]{section.7.3}{\376\377\0007\000.\0003\000\040\000E\000X\000T\000E\000R\000N\000A\000L}{chapter.7}
\BOOKMARK [1][-]{section.7.4}{\376\377\0007\000.\0004\000\040\000L\000O\000W\000E\000R\000\137\000W\000A\000L\000L\000S}{chapter.7}
\BOOKMARK [1][-]{section.7.5}{\376\377\0007\000.\0005\000\040\000M\000E\000T\000A\000D}{chapter.7}
\BOOKMARK [1][-]{section.7.6}{\376\377\0007\000.\0006\000\040\000M\000O\000V\000I\000N\000G\000R\000E\000S\000T\000R\000A\000I\000N\000T}{chapter.7}
\BOOKMARK [1][-]{section.7.7}{\376\377\0007\000.\0007\000\040\000R\000E\000S\000T\000R\000A\000I\000N\000T}{chapter.7}
\BOOKMARK [1][-]{section.7.8}{\376\377\0007\000.\0008\000\040\000U\000P\000P\000E\000R\000\137\000W\000A\000L\000L\000S}{chapter.7}
\BOOKMARK [1][-]{section.7.9}{\376\377\0007\000.\0009\000\040\000R\000E\000S\000T\000A\000R\000T}{chapter.7}
\BOOKMARK [1][-]{section.7.10}{\376\377\0007\000.\0001\0000\000\040\000I\000M\000D}{chapter.7}
\BOOKMARK [0][-]{chapter.8}{\376\377\0008\000\040\000C\000o\000m\000m\000a\000n\000d\000\040\000L\000i\000n\000e\000\040\000T\000o\000o\000l\000s}{}
\BOOKMARK [1][-]{section.8.1}{\376\377\0008\000.\0001\000\040\000d\000r\000i\000v\000e\000r}{chapter.8}
\BOOKMARK [2][-]{subsection.8.1.1}{\376\377\0008\000.\0001\000.\0001\000\040\000R\000E\000A\000D}{section.8.1}
\BOOKMARK [1][-]{section.8.2}{\376\377\0008\000.\0002\000\040\000g\000e\000n\000t\000e\000m\000p\000l\000a\000t\000e}{chapter.8}
\BOOKMARK [1][-]{section.8.3}{\376\377\0008\000.\0003\000\040\000i\000n\000f\000o}{chapter.8}
\BOOKMARK [1][-]{section.8.4}{\376\377\0008\000.\0004\000\040\000k\000t}{chapter.8}
\BOOKMARK [1][-]{section.8.5}{\376\377\0008\000.\0005\000\040\000m\000a\000n\000u\000a\000l}{chapter.8}
\BOOKMARK [1][-]{section.8.6}{\376\377\0008\000.\0006\000\040\000s\000i\000m\000p\000l\000e\000m\000d}{chapter.8}
\BOOKMARK [1][-]{section.8.7}{\376\377\0008\000.\0007\000\040\000s\000u\000m\000\137\000h\000i\000l\000l\000s}{chapter.8}
\BOOKMARK [0][-]{chapter.9}{\376\377\0009\000\040\000M\000i\000s\000c\000e\000l\000a\000n\000e\000o\000u\000s}{}
\BOOKMARK [1][-]{section.9.1}{\376\377\0009\000.\0001\000\040\000C\000o\000m\000m\000e\000n\000t\000s}{chapter.9}
\BOOKMARK [1][-]{section.9.2}{\376\377\0009\000.\0002\000\040\000C\000o\000n\000t\000i\000n\000u\000a\000t\000i\000o\000n\000\040\000l\000i\000n\000e\000s}{chapter.9}
\BOOKMARK [1][-]{section.9.3}{\376\377\0009\000.\0003\000\040\000I\000n\000c\000l\000u\000d\000i\000n\000g\000\040\000o\000t\000h\000e\000r\000\040\000f\000i\000l\000e\000s}{chapter.9}
\BOOKMARK [2][-]{subsection.9.3.1}{\376\377\0009\000.\0003\000.\0001\000\040\000I\000N\000C\000L\000U\000D\000E}{section.9.3}
\BOOKMARK [1][-]{section.9.4}{\376\377\0009\000.\0004\000\040\000L\000o\000a\000d\000i\000n\000g\000\040\000s\000h\000a\000r\000e\000d\000\040\000l\000i\000b\000r\000a\000r\000i\000e\000s}{chapter.9}
\BOOKMARK [2][-]{subsection.9.4.1}{\376\377\0009\000.\0004\000.\0001\000\040\000L\000O\000A\000D}{section.9.4}
\BOOKMARK [1][-]{section.9.5}{\376\377\0009\000.\0005\000\040\000D\000e\000b\000u\000g\000g\000i\000n\000g\000\040\000t\000h\000e\000\040\000c\000o\000d\000e}{chapter.9}
\BOOKMARK [2][-]{subsection.9.5.1}{\376\377\0009\000.\0005\000.\0001\000\040\000D\000E\000B\000U\000G}{section.9.5}
\BOOKMARK [1][-]{section.9.6}{\376\377\0009\000.\0006\000\040\000C\000h\000a\000n\000g\000i\000n\000g\000\040\000e\000x\000c\000h\000a\000n\000g\000e\000\040\000p\000a\000t\000t\000e\000r\000n\000s\000\040\000i\000n\000\040\000r\000e\000p\000l\000i\000c\000a\000\040\000e\000x\000c\000h\000a\000n\000g\000e}{chapter.9}
\BOOKMARK [2][-]{subsection.9.6.1}{\376\377\0009\000.\0006\000.\0001\000\040\000R\000A\000N\000D\000O\000M\000\137\000E\000X\000C\000H\000A\000N\000G\000E\000S}{section.9.6}
\BOOKMARK [1][-]{section.9.7}{\376\377\0009\000.\0007\000\040\000L\000i\000s\000t\000\040\000o\000f\000\040\000m\000o\000d\000u\000l\000e\000s}{chapter.9}
\BOOKMARK [1][-]{section.9.8}{\376\377\0009\000.\0008\000\040\000F\000r\000e\000q\000u\000e\000n\000t\000l\000y\000\040\000u\000s\000e\000d\000\040\000t\000o\000o\000l\000s}{chapter.9}
\BOOKMARK [2][-]{subsection.9.8.1}{\376\377\0009\000.\0008\000.\0001\000\040\000h\000i\000s\000t\000o\000g\000r\000a\000m\000b\000e\000a\000d}{section.9.8}
\BOOKMARK [2][-]{subsection.9.8.2}{\376\377\0009\000.\0008\000.\0002\000\040\000k\000e\000r\000n\000e\000l\000f\000u\000n\000c\000t\000i\000o\000n\000s}{section.9.8}
\BOOKMARK [2][-]{subsection.9.8.3}{\376\377\0009\000.\0008\000.\0003\000\040\000l\000a\000n\000d\000m\000a\000r\000k\000s\000e\000l\000e\000c\000t\000i\000o\000n}{section.9.8}
\BOOKMARK [2][-]{subsection.9.8.4}{\376\377\0009\000.\0008\000.\0004\000\040\000r\000e\000w\000e\000i\000g\000h\000t\000i\000n\000g}{section.9.8}
\BOOKMARK [2][-]{subsection.9.8.5}{\376\377\0009\000.\0008\000.\0005\000\040\000s\000w\000i\000t\000c\000h\000i\000n\000g\000f\000u\000n\000c\000t\000i\000o\000n}{section.9.8}
\BOOKMARK [2][-]{subsection.9.8.6}{\376\377\0009\000.\0008\000.\0006\000\040\000R\000e\000g\000u\000l\000a\000r\000\040\000E\000x\000p\000r\000e\000s\000s\000i\000o\000n\000s}{section.9.8}
\BOOKMARK [2][-]{subsection.9.8.7}{\376\377\0009\000.\0008\000.\0007\000\040\000F\000i\000l\000e\000s}{section.9.8}
\BOOKMARK [3][-]{subsubsection.9.8.7.1}{\376\377\0009\000.\0008\000.\0007\000.\0001\000\040\000R\000e\000s\000t\000a\000r\000t}{subsection.9.8.7}
\BOOKMARK [3][-]{subsubsection.9.8.7.2}{\376\377\0009\000.\0008\000.\0007\000.\0002\000\040\000B\000a\000c\000k\000u\000p}{subsection.9.8.7}
\BOOKMARK [3][-]{subsubsection.9.8.7.3}{\376\377\0009\000.\0008\000.\0007\000.\0003\000\040\000R\000e\000p\000l\000i\000c\000a\000\040\000s\000u\000f\000f\000i\000x}{subsection.9.8.7}
\BOOKMARK [0][-]{chapter.10}{\376\377\0001\0000\000\040\000T\000u\000t\000o\000r\000i\000a\000l\000s}{}
\BOOKMARK [1][-]{section.10.1}{\376\377\0001\0000\000.\0001\000\040\000B\000e\000l\000f\000a\000s\000t\000\040\000t\000u\000t\000o\000r\000i\000a\000l\000:\000\040\000A\000n\000a\000l\000y\000z\000i\000n\000g\000\040\000C\000V\000s}{chapter.10}
\BOOKMARK [2][-]{subsection.10.1.1}{\376\377\0001\0000\000.\0001\000.\0001\000\040\000A\000i\000m\000s}{section.10.1}
\BOOKMARK [2][-]{subsection.10.1.2}{\376\377\0001\0000\000.\0001\000.\0002\000\040\000L\000e\000a\000r\000n\000i\000n\000g\000\040\000O\000u\000t\000c\000o\000m\000e\000s}{section.10.1}
\BOOKMARK [2][-]{subsection.10.1.3}{\376\377\0001\0000\000.\0001\000.\0003\000\040\000R\000e\000s\000o\000u\000r\000c\000e\000s}{section.10.1}
\BOOKMARK [2][-]{subsection.10.1.4}{\376\377\0001\0000\000.\0001\000.\0004\000\040\000I\000n\000s\000t\000r\000u\000c\000t\000i\000o\000n\000s}{section.10.1}
\BOOKMARK [3][-]{subsubsection.10.1.4.1}{\376\377\0001\0000\000.\0001\000.\0004\000.\0001\000\040\000A\000\040\000n\000o\000t\000e\000\040\000o\000n\000\040\000u\000n\000i\000t\000s}{subsection.10.1.4}
\BOOKMARK [3][-]{subsubsection.10.1.4.2}{\376\377\0001\0000\000.\0001\000.\0004\000.\0002\000\040\000I\000n\000t\000r\000o\000d\000u\000c\000t\000i\000o\000n\000\040\000t\000o\000\040\000t\000h\000e\000\040\000P\000L\000U\000M\000E\000D\000\040\000i\000n\000p\000u\000t\000\040\000f\000i\000l\000e}{subsection.10.1.4}
\BOOKMARK [3][-]{subsubsection.10.1.4.3}{\376\377\0001\0000\000.\0001\000.\0004\000.\0003\000\040\000M\000U\000L\000T\000I\000C\000O\000L\000V\000A\000R}{subsection.10.1.4}
\BOOKMARK [3][-]{subsubsection.10.1.4.4}{\376\377\0001\0000\000.\0001\000.\0004\000.\0004\000\040\000A\000n\000a\000l\000y\000s\000i\000s\000\040\000o\000f\000\040\000C\000o\000l\000l\000e\000c\000t\000i\000v\000e\000\040\000V\000a\000r\000i\000a\000b\000l\000e\000s}{subsection.10.1.4}
\BOOKMARK [1][-]{section.10.2}{\376\377\0001\0000\000.\0002\000\040\000B\000e\000l\000f\000a\000s\000t\000\040\000t\000u\000t\000o\000r\000i\000a\000l\000:\000\040\000A\000d\000a\000p\000t\000i\000v\000e\000\040\000v\000a\000r\000i\000a\000b\000l\000e\000s\000\040\000I}{chapter.10}
\BOOKMARK [2][-]{subsection.10.2.1}{\376\377\0001\0000\000.\0002\000.\0001\000\040\000A\000i\000m}{section.10.2}
\BOOKMARK [2][-]{subsection.10.2.2}{\376\377\0001\0000\000.\0002\000.\0002\000\040\000R\000e\000s\000o\000u\000r\000c\000e\000s}{section.10.2}
\BOOKMARK [2][-]{subsection.10.2.3}{\376\377\0001\0000\000.\0002\000.\0003\000\040\000W\000h\000a\000t\000\040\000h\000a\000p\000p\000e\000n\000s\000\040\000w\000h\000e\000n\000\040\000i\000n\000\040\000a\000\040\000c\000o\000m\000p\000l\000e\000x\000\040\000r\000e\000a\000c\000t\000i\000o\000n\000?}{section.10.2}
\BOOKMARK [2][-]{subsection.10.2.4}{\376\377\0001\0000\000.\0002\000.\0004\000\040\000P\000a\000t\000h\000\040\000c\000o\000l\000l\000e\000c\000t\000i\000v\000e\000\040\000v\000a\000r\000i\000a\000b\000l\000e\000s}{section.10.2}
\BOOKMARK [2][-]{subsection.10.2.5}{\376\377\0001\0000\000.\0002\000.\0005\000\040\000A\000\040\000n\000o\000t\000e\000\040\000o\000n\000\040\000t\000h\000e\000\040\000p\000a\000t\000h\000\040\000t\000o\000p\000o\000l\000o\000g\000y}{section.10.2}
\BOOKMARK [2][-]{subsection.10.2.6}{\376\377\0001\0000\000.\0002\000.\0006\000\040\000H\000o\000w\000\040\000m\000a\000n\000y\000\040\000f\000r\000a\000m\000e\000s\000\040\000d\000o\000\040\000I\000\040\000n\000e\000e\000d\000?}{section.10.2}
\BOOKMARK [2][-]{subsection.10.2.7}{\376\377\0001\0000\000.\0002\000.\0007\000\040\000S\000o\000m\000e\000\040\000t\000r\000i\000c\000k\000s\000\040\000o\000f\000\040\000t\000h\000e\000\040\000t\000r\000a\000d\000e\000:\000\040\000t\000h\000e\000\040\000n\000e\000i\000g\000h\000b\000o\000r\000s\000\040\000l\000i\000s\000t\000.}{section.10.2}
\BOOKMARK [2][-]{subsection.10.2.8}{\376\377\0001\0000\000.\0002\000.\0008\000\040\000T\000h\000e\000\040\000m\000o\000l\000e\000c\000u\000l\000e\000\040\000o\000f\000\040\000t\000h\000e\000\040\000d\000a\000y\000:\000\040\000a\000l\000a\000n\000i\000n\000e\000\040\000d\000i\000p\000e\000p\000t\000i\000d\000e}{section.10.2}
\BOOKMARK [2][-]{subsection.10.2.9}{\376\377\0001\0000\000.\0002\000.\0009\000\040\000E\000x\000a\000m\000p\000l\000e\000s}{section.10.2}
\BOOKMARK [2][-]{subsection.10.2.10}{\376\377\0001\0000\000.\0002\000.\0001\0000\000\040\000H\000o\000w\000\040\000t\000o\000\040\000f\000o\000r\000m\000a\000t\000\040\000m\000y\000\040\000i\000n\000p\000u\000t\000?}{section.10.2}
\BOOKMARK [2][-]{subsection.10.2.11}{\376\377\0001\0000\000.\0002\000.\0001\0001\000\040\000F\000a\000s\000t\000\040\000f\000o\000r\000w\000a\000r\000d\000:\000\040\000m\000e\000t\000a\000d\000y\000n\000a\000m\000i\000c\000s\000\040\000o\000n\000\040\000t\000h\000e\000\040\000p\000a\000t\000h}{section.10.2}
\BOOKMARK [1][-]{section.10.3}{\376\377\0001\0000\000.\0003\000\040\000B\000e\000l\000f\000a\000s\000t\000\040\000t\000u\000t\000o\000r\000i\000a\000l\000:\000\040\000A\000d\000a\000p\000t\000i\000v\000e\000\040\000v\000a\000r\000i\000a\000b\000l\000e\000s\000\040\000I\000I}{chapter.10}
\BOOKMARK [2][-]{subsection.10.3.1}{\376\377\0001\0000\000.\0003\000.\0001\000\040\000A\000i\000m\000s}{section.10.3}
\BOOKMARK [2][-]{subsection.10.3.2}{\376\377\0001\0000\000.\0003\000.\0002\000\040\000L\000e\000a\000r\000n\000i\000n\000g\000\040\000O\000u\000t\000c\000o\000m\000e\000s}{section.10.3}
\BOOKMARK [2][-]{subsection.10.3.3}{\376\377\0001\0000\000.\0003\000.\0003\000\040\000R\000e\000s\000o\000u\000r\000c\000e\000s}{section.10.3}
\BOOKMARK [2][-]{subsection.10.3.4}{\376\377\0001\0000\000.\0003\000.\0004\000\040\000I\000n\000s\000t\000r\000u\000c\000t\000i\000o\000n\000s}{section.10.3}
\BOOKMARK [3][-]{subsubsection.10.3.4.1}{\376\377\0001\0000\000.\0003\000.\0004\000.\0001\000\040\000V\000i\000s\000u\000a\000l\000i\000s\000i\000n\000g\000\040\000t\000h\000e\000\040\000t\000r\000a\000j\000e\000c\000t\000o\000r\000y}{subsection.10.3.4}
\BOOKMARK [3][-]{subsubsection.10.3.4.2}{\376\377\0001\0000\000.\0003\000.\0004\000.\0002\000\040\000F\000i\000n\000d\000i\000n\000g\000\040\000c\000o\000l\000l\000e\000c\000t\000i\000v\000e\000\040\000v\000a\000r\000i\000a\000b\000l\000e\000s}{subsection.10.3.4}
\BOOKMARK [3][-]{subsubsection.10.3.4.3}{\376\377\0001\0000\000.\0003\000.\0004\000.\0003\000\040\000D\000i\000m\000e\000n\000s\000i\000o\000n\000a\000l\000i\000t\000y\000\040\000r\000e\000d\000u\000c\000t\000i\000o\000n}{subsection.10.3.4}
\BOOKMARK [2][-]{subsection.10.3.5}{\376\377\0001\0000\000.\0003\000.\0005\000\040\000E\000x\000t\000e\000n\000s\000i\000o\000n\000s}{section.10.3}
\BOOKMARK [2][-]{subsection.10.3.6}{\376\377\0001\0000\000.\0003\000.\0006\000\040\000F\000u\000r\000t\000h\000e\000r\000\040\000R\000e\000a\000d\000i\000n\000g}{section.10.3}
\BOOKMARK [1][-]{section.10.4}{\376\377\0001\0000\000.\0004\000\040\000B\000e\000l\000f\000a\000s\000t\000\040\000t\000u\000t\000o\000r\000i\000a\000l\000:\000\040\000U\000m\000b\000r\000e\000l\000l\000a\000\040\000s\000a\000m\000p\000l\000i\000n\000g}{chapter.10}
\BOOKMARK [2][-]{subsection.10.4.1}{\376\377\0001\0000\000.\0004\000.\0001\000\040\000A\000i\000m\000s}{section.10.4}
\BOOKMARK [2][-]{subsection.10.4.2}{\376\377\0001\0000\000.\0004\000.\0002\000\040\000S\000u\000m\000m\000a\000r\000y\000\040\000o\000f\000\040\000t\000h\000e\000o\000r\000y}{section.10.4}
\BOOKMARK [3][-]{subsubsection.10.4.2.1}{\376\377\0001\0000\000.\0004\000.\0002\000.\0001\000\040\000B\000i\000a\000s\000e\000d\000\040\000s\000a\000m\000p\000l\000i\000n\000g}{subsection.10.4.2}
\BOOKMARK [3][-]{subsubsection.10.4.2.2}{\376\377\0001\0000\000.\0004\000.\0002\000.\0002\000\040\000U\000m\000b\000r\000e\000l\000l\000a\000\040\000s\000a\000m\000p\000l\000i\000n\000g}{subsection.10.4.2}
\BOOKMARK [3][-]{subsubsection.10.4.2.3}{\376\377\0001\0000\000.\0004\000.\0002\000.\0003\000\040\000W\000e\000i\000g\000h\000t\000e\000d\000\040\000h\000i\000s\000t\000o\000g\000r\000a\000m\000\040\000a\000n\000a\000l\000y\000s\000i\000s\000\040\000m\000e\000t\000h\000o\000d}{subsection.10.4.2}
\BOOKMARK [2][-]{subsection.10.4.3}{\376\377\0001\0000\000.\0004\000.\0003\000\040\000L\000e\000a\000r\000n\000i\000n\000g\000\040\000O\000u\000t\000c\000o\000m\000e\000s}{section.10.4}
\BOOKMARK [2][-]{subsection.10.4.4}{\376\377\0001\0000\000.\0004\000.\0004\000\040\000R\000e\000s\000o\000u\000r\000c\000e\000s}{section.10.4}
\BOOKMARK [2][-]{subsection.10.4.5}{\376\377\0001\0000\000.\0004\000.\0005\000\040\000I\000n\000s\000t\000r\000u\000c\000t\000i\000o\000n\000s}{section.10.4}
\BOOKMARK [3][-]{subsubsection.10.4.5.1}{\376\377\0001\0000\000.\0004\000.\0005\000.\0001\000\040\000T\000h\000e\000\040\000m\000o\000d\000e\000l\000\040\000s\000y\000s\000t\000e\000m}{subsection.10.4.5}
\BOOKMARK [3][-]{subsubsection.10.4.5.2}{\376\377\0001\0000\000.\0004\000.\0005\000.\0002\000\040\000R\000e\000s\000t\000r\000a\000i\000n\000e\000d\000\040\000s\000i\000m\000u\000l\000a\000t\000i\000o\000n\000s}{subsection.10.4.5}
\BOOKMARK [3][-]{subsubsection.10.4.5.3}{\376\377\0001\0000\000.\0004\000.\0005\000.\0003\000\040\000R\000e\000w\000e\000i\000g\000h\000t\000i\000n\000g\000\040\000t\000h\000e\000\040\000r\000e\000s\000u\000l\000t\000s}{subsection.10.4.5}
\BOOKMARK [3][-]{subsubsection.10.4.5.4}{\376\377\0001\0000\000.\0004\000.\0005\000.\0004\000\040\000A\000\040\000f\000r\000e\000e\000-\000e\000n\000e\000r\000g\000y\000\040\000l\000a\000n\000d\000s\000c\000a\000p\000e}{subsection.10.4.5}
\BOOKMARK [3][-]{subsubsection.10.4.5.5}{\376\377\0001\0000\000.\0004\000.\0005\000.\0005\000\040\000C\000o\000m\000b\000i\000n\000i\000n\000g\000\040\000m\000u\000l\000t\000i\000p\000l\000e\000\040\000r\000e\000s\000t\000r\000a\000i\000n\000t\000s}{subsection.10.4.5}
\BOOKMARK [2][-]{subsection.10.4.6}{\376\377\0001\0000\000.\0004\000.\0006\000\040\000C\000o\000m\000m\000e\000n\000t\000s}{section.10.4}
\BOOKMARK [3][-]{subsubsection.10.4.6.1}{\376\377\0001\0000\000.\0004\000.\0006\000.\0001\000\040\000H\000o\000w\000\040\000d\000o\000e\000s\000\040\000P\000L\000U\000M\000E\000D\000\040\000w\000o\000r\000k}{subsection.10.4.6}
\BOOKMARK [2][-]{subsection.10.4.7}{\376\377\0001\0000\000.\0004\000.\0007\000\040\000F\000u\000r\000t\000h\000e\000r\000\040\000R\000e\000a\000d\000i\000n\000g}{section.10.4}
\BOOKMARK [1][-]{section.10.5}{\376\377\0001\0000\000.\0005\000\040\000B\000e\000l\000f\000a\000s\000t\000\040\000t\000u\000t\000o\000r\000i\000a\000l\000:\000\040\000O\000u\000t\000\040\000o\000f\000\040\000e\000q\000u\000i\000l\000i\000b\000r\000i\000u\000m\000\040\000d\000y\000n\000a\000m\000i\000c\000s}{chapter.10}
\BOOKMARK [2][-]{subsection.10.5.1}{\376\377\0001\0000\000.\0005\000.\0001\000\040\000R\000e\000s\000o\000u\000r\000c\000e\000s}{section.10.5}
\BOOKMARK [2][-]{subsection.10.5.2}{\376\377\0001\0000\000.\0005\000.\0002\000\040\000S\000t\000e\000e\000r\000e\000d\000\040\000M\000D}{section.10.5}
\BOOKMARK [2][-]{subsection.10.5.3}{\376\377\0001\0000\000.\0005\000.\0003\000\040\000M\000o\000v\000i\000n\000g\000\040\000o\000n\000\040\000a\000\040\000m\000o\000r\000e\000\040\000c\000o\000m\000p\000l\000e\000x\000\040\000p\000a\000t\000h}{section.10.5}
\BOOKMARK [2][-]{subsection.10.5.4}{\376\377\0001\0000\000.\0005\000.\0004\000\040\000W\000h\000y\000\040\000w\000o\000r\000k\000\040\000i\000s\000\040\000i\000m\000p\000o\000r\000t\000a\000n\000t\000?}{section.10.5}
\BOOKMARK [2][-]{subsection.10.5.5}{\376\377\0001\0000\000.\0005\000.\0005\000\040\000T\000a\000r\000g\000e\000t\000e\000d\000\040\000M\000D}{section.10.5}
\BOOKMARK [1][-]{section.10.6}{\376\377\0001\0000\000.\0006\000\040\000B\000e\000l\000f\000a\000s\000t\000\040\000t\000u\000t\000o\000r\000i\000a\000l\000:\000\040\000M\000e\000t\000a\000d\000y\000n\000a\000m\000i\000c\000s}{chapter.10}
\BOOKMARK [2][-]{subsection.10.6.1}{\376\377\0001\0000\000.\0006\000.\0001\000\040\000A\000i\000m\000s}{section.10.6}
\BOOKMARK [2][-]{subsection.10.6.2}{\376\377\0001\0000\000.\0006\000.\0002\000\040\000S\000u\000m\000m\000a\000r\000y\000\040\000o\000f\000\040\000t\000h\000e\000o\000r\000y}{section.10.6}
\BOOKMARK [2][-]{subsection.10.6.3}{\376\377\0001\0000\000.\0006\000.\0003\000\040\000L\000e\000a\000r\000n\000i\000n\000g\000\040\000O\000u\000t\000c\000o\000m\000e\000s}{section.10.6}
\BOOKMARK [2][-]{subsection.10.6.4}{\376\377\0001\0000\000.\0006\000.\0004\000\040\000R\000e\000s\000o\000u\000r\000c\000e\000s}{section.10.6}
\BOOKMARK [2][-]{subsection.10.6.5}{\376\377\0001\0000\000.\0006\000.\0005\000\040\000I\000n\000s\000t\000r\000u\000c\000t\000i\000o\000n\000s}{section.10.6}
\BOOKMARK [3][-]{subsubsection.10.6.5.1}{\376\377\0001\0000\000.\0006\000.\0005\000.\0001\000\040\000T\000h\000e\000\040\000m\000o\000d\000e\000l\000\040\000s\000y\000s\000t\000e\000m}{subsection.10.6.5}
\BOOKMARK [3][-]{subsubsection.10.6.5.2}{\376\377\0001\0000\000.\0006\000.\0005\000.\0002\000\040\000E\000x\000e\000r\000c\000i\000s\000e\000\040\0001\000.\000\040\000S\000e\000t\000u\000p\000\040\000a\000n\000d\000\040\000r\000u\000n\000\040\000a\000\040\000m\000e\000t\000a\000d\000y\000n\000a\000m\000i\000c\000s\000\040\000s\000i\000m\000u\000l\000a\000t\000i\000o\000n}{subsection.10.6.5}
\BOOKMARK [3][-]{subsubsection.10.6.5.3}{\376\377\0001\0000\000.\0006\000.\0005\000.\0003\000\040\000E\000x\000e\000r\000c\000i\000s\000e\000\040\0002\000.\000\040\000R\000e\000s\000t\000a\000r\000t\000\040\000a\000\040\000m\000e\000t\000a\000d\000y\000n\000a\000m\000i\000c\000s\000\040\000s\000i\000m\000u\000l\000a\000t\000i\000o\000n}{subsection.10.6.5}
\BOOKMARK [3][-]{subsubsection.10.6.5.4}{\376\377\0001\0000\000.\0006\000.\0005\000.\0004\000\040\000E\000x\000e\000r\000c\000i\000s\000e\000\040\0003\000.\000\040\000C\000a\000l\000c\000u\000l\000a\000t\000e\000\040\000f\000r\000e\000e\000-\000e\000n\000e\000r\000g\000i\000e\000s\000\040\000a\000n\000d\000\040\000m\000o\000n\000i\000t\000o\000r\000\040\000c\000o\000n\000v\000e\000r\000g\000e\000n\000c\000e}{subsection.10.6.5}
\BOOKMARK [3][-]{subsubsection.10.6.5.5}{\376\377\0001\0000\000.\0006\000.\0005\000.\0005\000\040\000E\000x\000e\000r\000c\000i\000s\000e\000\040\0004\000.\000\040\000S\000e\000t\000u\000p\000\040\000a\000n\000d\000\040\000r\000u\000n\000\040\000a\000\040\000w\000e\000l\000l\000-\000t\000e\000m\000p\000e\000r\000e\000d\000\040\000m\000e\000t\000a\000d\000y\000n\000a\000m\000i\000c\000s\000\040\000s\000i\000m\000u\000l\000a\000t\000i\000o\000n\000,\000\040\000p\000a\000r\000t\000\040\000I}{subsection.10.6.5}
\BOOKMARK [3][-]{subsubsection.10.6.5.6}{\376\377\0001\0000\000.\0006\000.\0005\000.\0006\000\040\000E\000x\000e\000r\000c\000i\000s\000e\000\040\0005\000.\000\040\000S\000e\000t\000u\000p\000\040\000a\000n\000d\000\040\000r\000u\000n\000\040\000a\000\040\000w\000e\000l\000l\000-\000t\000e\000m\000p\000e\000r\000e\000d\000\040\000m\000e\000t\000a\000d\000y\000n\000a\000m\000i\000c\000s\000\040\000s\000i\000m\000u\000l\000a\000t\000i\000o\000n\000,\000\040\000p\000a\000r\000t\000\040\000I\000I}{subsection.10.6.5}
\BOOKMARK [1][-]{section.10.7}{\376\377\0001\0000\000.\0007\000\040\000B\000e\000l\000f\000a\000s\000t\000\040\000t\000u\000t\000o\000r\000i\000a\000l\000:\000\040\000R\000e\000p\000l\000i\000c\000a\000\040\000e\000x\000c\000h\000a\000n\000g\000e\000\040\000I}{chapter.10}
\BOOKMARK [2][-]{subsection.10.7.1}{\376\377\0001\0000\000.\0007\000.\0001\000\040\000A\000i\000m\000s}{section.10.7}
\BOOKMARK [2][-]{subsection.10.7.2}{\376\377\0001\0000\000.\0007\000.\0002\000\040\000S\000u\000m\000m\000a\000r\000y\000\040\000o\000f\000\040\000t\000h\000e\000o\000r\000y}{section.10.7}
\BOOKMARK [2][-]{subsection.10.7.3}{\376\377\0001\0000\000.\0007\000.\0003\000\040\000L\000e\000a\000r\000n\000i\000n\000g\000\040\000O\000u\000t\000c\000o\000m\000e\000s}{section.10.7}
\BOOKMARK [2][-]{subsection.10.7.4}{\376\377\0001\0000\000.\0007\000.\0004\000\040\000R\000e\000s\000o\000u\000r\000c\000e\000s}{section.10.7}
\BOOKMARK [2][-]{subsection.10.7.5}{\376\377\0001\0000\000.\0007\000.\0005\000\040\000I\000n\000s\000t\000r\000u\000c\000t\000i\000o\000n\000s}{section.10.7}
\BOOKMARK [3][-]{subsubsection.10.7.5.1}{\376\377\0001\0000\000.\0007\000.\0005\000.\0001\000\040\000T\000h\000e\000\040\000m\000o\000d\000e\000l\000\040\000s\000y\000s\000t\000e\000m}{subsection.10.7.5}
\BOOKMARK [3][-]{subsubsection.10.7.5.2}{\376\377\0001\0000\000.\0007\000.\0005\000.\0002\000\040\000E\000x\000e\000r\000c\000i\000s\000e\000\040\0001\000.\000\040\000S\000e\000t\000u\000p\000\040\000a\000n\000d\000\040\000r\000u\000n\000\040\000a\000\040\000P\000T\000\040\000s\000i\000m\000u\000l\000a\000t\000i\000o\000n\000,\000\040\000p\000a\000r\000t\000\040\000I}{subsection.10.7.5}
\BOOKMARK [3][-]{subsubsection.10.7.5.3}{\376\377\0001\0000\000.\0007\000.\0005\000.\0003\000\040\000E\000x\000e\000r\000c\000i\000s\000e\000\040\0002\000.\000\040\000S\000e\000t\000u\000p\000\040\000a\000n\000d\000\040\000r\000u\000n\000\040\000a\000\040\000P\000T\000\040\000s\000i\000m\000u\000l\000a\000t\000i\000o\000n\000,\000\040\000p\000a\000r\000t\000\040\000I\000I}{subsection.10.7.5}
\BOOKMARK [3][-]{subsubsection.10.7.5.4}{\376\377\0001\0000\000.\0007\000.\0005\000.\0004\000\040\000E\000x\000e\000r\000c\000i\000s\000e\000\040\0003\000.\000\040\000S\000e\000t\000u\000p\000\040\000a\000n\000d\000\040\000r\000u\000n\000\040\000a\000\040\000P\000T\000M\000e\000t\000a\000D\000\040\000s\000i\000m\000u\000l\000a\000t\000i\000o\000n}{subsection.10.7.5}
\BOOKMARK [3][-]{subsubsection.10.7.5.5}{\376\377\0001\0000\000.\0007\000.\0005\000.\0005\000\040\000E\000x\000e\000r\000c\000i\000s\000e\000\040\0004\000.\000\040\000T\000h\000e\000\040\000W\000e\000l\000l\000-\000T\000e\000m\000p\000e\000r\000e\000d\000\040\000E\000n\000s\000e\000m\000b\000l\000e}{subsection.10.7.5}
\BOOKMARK [1][-]{section.10.8}{\376\377\0001\0000\000.\0008\000\040\000B\000e\000l\000f\000a\000s\000t\000\040\000t\000u\000t\000o\000r\000i\000a\000l\000:\000\040\000R\000e\000p\000l\000i\000c\000a\000\040\000e\000x\000c\000h\000a\000n\000g\000e\000\040\000I\000I\000\040\000a\000n\000d\000\040\000M\000u\000l\000t\000i\000p\000l\000e\000\040\000w\000a\000l\000k\000e\000r\000s}{chapter.10}
\BOOKMARK [2][-]{subsection.10.8.1}{\376\377\0001\0000\000.\0008\000.\0001\000\040\000A\000i\000m\000s}{section.10.8}
\BOOKMARK [2][-]{subsection.10.8.2}{\376\377\0001\0000\000.\0008\000.\0002\000\040\000L\000e\000a\000r\000n\000i\000n\000g\000\040\000O\000u\000t\000c\000o\000m\000e\000s}{section.10.8}
\BOOKMARK [2][-]{subsection.10.8.3}{\376\377\0001\0000\000.\0008\000.\0003\000\040\000R\000e\000s\000o\000u\000r\000c\000e\000s}{section.10.8}
\BOOKMARK [2][-]{subsection.10.8.4}{\376\377\0001\0000\000.\0008\000.\0004\000\040\000I\000n\000s\000t\000r\000u\000c\000t\000i\000o\000n\000s}{section.10.8}
\BOOKMARK [3][-]{subsubsection.10.8.4.1}{\376\377\0001\0000\000.\0008\000.\0004\000.\0001\000\040\000B\000i\000a\000s\000-\000E\000x\000c\000h\000a\000n\000g\000e\000\040\000M\000e\000t\000a\000d\000y\000n\000a\000m\000i\000c\000s}{subsection.10.8.4}
\BOOKMARK [3][-]{subsubsection.10.8.4.2}{\376\377\0001\0000\000.\0008\000.\0004\000.\0002\000\040\000C\000o\000n\000v\000e\000r\000g\000e\000n\000c\000e\000\040\000o\000f\000\040\000t\000h\000e\000\040\000S\000i\000m\000u\000l\000a\000t\000i\000o\000n\000s}{subsection.10.8.4}
\BOOKMARK [3][-]{subsubsection.10.8.4.3}{\376\377\0001\0000\000.\0008\000.\0004\000.\0003\000\040\000B\000i\000a\000s\000-\000E\000x\000c\000h\000a\000n\000g\000e\000\040\000A\000n\000a\000l\000y\000s\000i\000s\000\040\000w\000i\000t\000h\000\040\000M\000E\000T\000A\000G\000U\000I}{subsection.10.8.4}
\BOOKMARK [3][-]{subsubsection.10.8.4.4}{\376\377\0001\0000\000.\0008\000.\0004\000.\0004\000\040\000M\000u\000l\000t\000i\000p\000l\000e\000\040\000W\000a\000l\000k\000e\000r\000\040\000M\000e\000t\000a\000d\000y\000n\000a\000m\000i\000c\000s}{subsection.10.8.4}
\BOOKMARK [2][-]{subsection.10.8.5}{\376\377\0001\0000\000.\0008\000.\0005\000\040\000R\000e\000f\000e\000r\000e\000n\000c\000e}{section.10.8}
\BOOKMARK [1][-]{section.10.9}{\376\377\0001\0000\000.\0009\000\040\000B\000e\000l\000f\000a\000s\000t\000\040\000t\000u\000t\000o\000r\000i\000a\000l\000:\000\040\000N\000M\000R\000\040\000c\000o\000n\000s\000t\000r\000a\000i\000n\000t\000s}{chapter.10}
\BOOKMARK [2][-]{subsection.10.9.1}{\376\377\0001\0000\000.\0009\000.\0001\000\040\000A\000i\000m\000s}{section.10.9}
\BOOKMARK [2][-]{subsection.10.9.2}{\376\377\0001\0000\000.\0009\000.\0002\000\040\000L\000e\000a\000r\000n\000i\000n\000g\000\040\000O\000u\000t\000c\000o\000m\000e\000s}{section.10.9}
\BOOKMARK [2][-]{subsection.10.9.3}{\376\377\0001\0000\000.\0009\000.\0003\000\040\000R\000e\000s\000o\000u\000r\000c\000e\000s}{section.10.9}
\BOOKMARK [2][-]{subsection.10.9.4}{\376\377\0001\0000\000.\0009\000.\0004\000\040\000I\000n\000s\000t\000r\000u\000c\000t\000i\000o\000n\000s}{section.10.9}
\BOOKMARK [3][-]{subsubsection.10.9.4.1}{\376\377\0001\0000\000.\0009\000.\0004\000.\0001\000\040\000E\000x\000p\000e\000r\000i\000m\000e\000n\000t\000a\000l\000\040\000d\000a\000t\000a\000\040\000a\000s\000\040\000C\000o\000l\000l\000e\000c\000t\000i\000v\000e\000\040\000V\000a\000r\000i\000a\000b\000l\000e\000s}{subsection.10.9.4}
\BOOKMARK [3][-]{subsubsection.10.9.4.2}{\376\377\0001\0000\000.\0009\000.\0004\000.\0002\000\040\000R\000e\000p\000l\000i\000c\000a\000-\000A\000v\000e\000r\000a\000g\000e\000d\000\040\000R\000e\000s\000t\000r\000a\000i\000n\000e\000d\000\040\000S\000i\000m\000u\000l\000a\000t\000i\000o\000n\000s}{subsection.10.9.4}
\BOOKMARK [2][-]{subsection.10.9.5}{\376\377\0001\0000\000.\0009\000.\0005\000\040\000R\000e\000f\000e\000r\000e\000n\000c\000e}{section.10.9}
\BOOKMARK [1][-]{section.10.10}{\376\377\0001\0000\000.\0001\0000\000\040\000B\000e\000l\000f\000a\000s\000t\000\040\000t\000u\000t\000o\000r\000i\000a\000l\000:\000\040\000S\000t\000e\000i\000n\000h\000a\000r\000d\000t\000\040\000P\000a\000r\000a\000m\000e\000t\000e\000r\000s}{chapter.10}
\BOOKMARK [2][-]{subsection.10.10.1}{\376\377\0001\0000\000.\0001\0000\000.\0001\000\040\000A\000i\000m\000s}{section.10.10}
\BOOKMARK [2][-]{subsection.10.10.2}{\376\377\0001\0000\000.\0001\0000\000.\0002\000\040\000L\000e\000a\000r\000n\000i\000n\000g\000\040\000O\000u\000t\000c\000o\000m\000e\000s}{section.10.10}
\BOOKMARK [2][-]{subsection.10.10.3}{\376\377\0001\0000\000.\0001\0000\000.\0003\000\040\000R\000e\000s\000o\000u\000r\000c\000e\000s}{section.10.10}
\BOOKMARK [2][-]{subsection.10.10.4}{\376\377\0001\0000\000.\0001\0000\000.\0004\000\040\000I\000n\000s\000t\000r\000u\000c\000t\000i\000o\000n\000s}{section.10.10}
\BOOKMARK [3][-]{subsubsection.10.10.4.1}{\376\377\0001\0000\000.\0001\0000\000.\0004\000.\0001\000\040\000S\000i\000m\000p\000l\000e\000m\000d}{subsection.10.10.4}
\BOOKMARK [3][-]{subsubsection.10.10.4.2}{\376\377\0001\0000\000.\0001\0000\000.\0004\000.\0002\000\040\000F\000i\000n\000d\000i\000n\000g\000\040\000c\000o\000l\000l\000e\000c\000t\000i\000v\000e\000\040\000v\000a\000r\000i\000a\000b\000l\000e\000s}{subsection.10.10.4}
\BOOKMARK [3][-]{subsubsection.10.10.4.3}{\376\377\0001\0000\000.\0001\0000\000.\0004\000.\0003\000\040\000S\000t\000e\000i\000n\000h\000a\000r\000d\000\040\000p\000a\000r\000a\000m\000e\000t\000e\000r}{subsection.10.10.4}
\BOOKMARK [3][-]{subsubsection.10.10.4.4}{\376\377\0001\0000\000.\0001\0000\000.\0004\000.\0004\000\040\000L\000o\000c\000a\000l\000\040\000v\000e\000r\000s\000u\000s\000\040\000G\000l\000o\000b\000a\000l}{subsection.10.10.4}
\BOOKMARK [3][-]{subsubsection.10.10.4.5}{\376\377\0001\0000\000.\0001\0000\000.\0004\000.\0005\000\040\000L\000o\000c\000a\000l\000\040\000S\000t\000e\000i\000n\000h\000a\000r\000d\000t\000\040\000p\000a\000r\000a\000m\000e\000t\000e\000r\000s}{subsection.10.10.4}
\BOOKMARK [2][-]{subsection.10.10.5}{\376\377\0001\0000\000.\0001\0000\000.\0005\000\040\000F\000u\000r\000t\000h\000e\000r\000\040\000R\000e\000a\000d\000i\000n\000g}{section.10.10}
\BOOKMARK [1][-]{section.10.11}{\376\377\0001\0000\000.\0001\0001\000\040\000C\000a\000l\000c\000u\000l\000a\000t\000i\000n\000g\000\040\000a\000\040\000m\000i\000n\000i\000m\000u\000m\000\040\000d\000i\000s\000t\000a\000n\000c\000e}{chapter.10}
\BOOKMARK [1][-]{section.10.12}{\376\377\0001\0000\000.\0001\0002\000\040\000M\000o\000v\000i\000n\000g\000\040\000f\000r\000o\000m\000\040\000P\000l\000u\000m\000e\000d\000\040\0001\000\040\000t\000o\000\040\000P\000l\000u\000m\000e\000d\000\040\0002}{chapter.10}
\BOOKMARK [2][-]{subsection.10.12.1}{\376\377\0001\0000\000.\0001\0002\000.\0001\000\040\000G\000r\000o\000u\000p\000s}{section.10.12}
\BOOKMARK [2][-]{subsection.10.12.2}{\376\377\0001\0000\000.\0001\0002\000.\0002\000\040\000D\000i\000r\000e\000c\000t\000i\000v\000e\000s}{section.10.12}
\BOOKMARK [1][-]{section.10.13}{\376\377\0001\0000\000.\0001\0003\000\040\000M\000u\000n\000s\000t\000e\000r\000\040\000t\000u\000t\000o\000r\000i\000a\000l}{chapter.10}
\BOOKMARK [2][-]{subsection.10.13.1}{\376\377\0001\0000\000.\0001\0003\000.\0001\000\040\000A\000l\000a\000n\000i\000n\000e\000\040\000d\000i\000p\000e\000p\000t\000i\000d\000e\000:\000\040\000o\000u\000r\000\040\000t\000o\000y\000\040\000m\000o\000d\000e\000l}{section.10.13}
\BOOKMARK [2][-]{subsection.10.13.2}{\376\377\0001\0000\000.\0001\0003\000.\0002\000\040\000M\000o\000n\000i\000t\000o\000r\000i\000n\000g\000\040\000c\000o\000l\000l\000e\000c\000t\000i\000v\000e\000\040\000v\000a\000r\000i\000a\000b\000l\000e\000s}{section.10.13}
\BOOKMARK [3][-]{subsubsection.10.13.2.1}{\376\377\0001\0000\000.\0001\0003\000.\0002\000.\0001\000\040\000A\000n\000a\000l\000y\000z\000e\000\040\000o\000n\000\040\000t\000h\000e\000\040\000f\000l\000y}{subsection.10.13.2}
\BOOKMARK [3][-]{subsubsection.10.13.2.2}{\376\377\0001\0000\000.\0001\0003\000.\0002\000.\0002\000\040\000A\000n\000a\000l\000y\000z\000e\000\040\000u\000s\000i\000n\000g\000\040\000t\000h\000e\000\040\000d\000r\000i\000v\000e\000r}{subsection.10.13.2}
\BOOKMARK [3][-]{subsubsection.10.13.2.3}{\376\377\0001\0000\000.\0001\0003\000.\0002\000.\0003\000\040\000P\000e\000r\000i\000o\000d\000i\000c\000\040\000b\000o\000u\000n\000d\000a\000r\000i\000e\000s\000\040\000a\000n\000d\000\040\000e\000x\000p\000l\000i\000c\000i\000t\000\040\000w\000a\000t\000e\000r}{subsection.10.13.2}
\BOOKMARK [3][-]{subsubsection.10.13.2.4}{\376\377\0001\0000\000.\0001\0003\000.\0002\000.\0004\000\040\000O\000t\000h\000e\000r\000\040\000a\000n\000a\000l\000y\000s\000i\000s\000\040\000t\000o\000o\000l\000s}{subsection.10.13.2}
\BOOKMARK [2][-]{subsection.10.13.3}{\376\377\0001\0000\000.\0001\0003\000.\0003\000\040\000B\000i\000a\000s\000i\000n\000g\000\040\000c\000o\000l\000l\000e\000c\000t\000i\000v\000e\000\040\000v\000a\000r\000i\000a\000b\000l\000e\000s}{section.10.13}
\BOOKMARK [3][-]{subsubsection.10.13.3.1}{\376\377\0001\0000\000.\0001\0003\000.\0003\000.\0001\000\040\000M\000e\000t\000a\000d\000y\000n\000a\000m\000i\000c\000s}{subsection.10.13.3}
\BOOKMARK [3][-]{subsubsection.10.13.3.2}{\376\377\0001\0000\000.\0001\0003\000.\0003\000.\0002\000\040\000R\000e\000s\000t\000r\000a\000i\000n\000t\000s}{subsection.10.13.3}
\BOOKMARK [3][-]{subsubsection.10.13.3.3}{\376\377\0001\0000\000.\0001\0003\000.\0003\000.\0003\000\040\000M\000o\000v\000i\000n\000g\000\040\000r\000e\000s\000t\000r\000a\000i\000n\000t\000s}{subsection.10.13.3}
\BOOKMARK [3][-]{subsubsection.10.13.3.4}{\376\377\0001\0000\000.\0001\0003\000.\0003\000.\0004\000\040\000U\000s\000i\000n\000g\000\040\000m\000u\000l\000t\000i\000p\000l\000e\000\040\000r\000e\000p\000l\000i\000c\000a\000s}{subsection.10.13.3}
\BOOKMARK [3][-]{subsubsection.10.13.3.5}{\376\377\0001\0000\000.\0001\0003\000.\0003\000.\0005\000\040\000U\000s\000i\000n\000g\000\040\000m\000u\000l\000t\000i\000p\000l\000e\000\040\000r\000e\000s\000t\000r\000a\000i\000n\000t\000s\000\040\000w\000i\000t\000h\000\040\000r\000e\000p\000l\000i\000c\000a\000\040\000e\000x\000c\000h\000a\000n\000g\000e}{subsection.10.13.3}
\BOOKMARK [0][-]{chapter.11}{\376\377\0001\0001\000\040\000I\000n\000d\000e\000x\000\040\000o\000f\000\040\000A\000c\000t\000i\000o\000n\000s}{}
\BOOKMARK [1][-]{section.11.1}{\376\377\0001\0001\000.\0001\000\040\000F\000u\000l\000l\000\040\000l\000i\000s\000t\000\040\000o\000f\000\040\000a\000c\000t\000i\000o\000n\000s}{chapter.11}
\BOOKMARK [0][-]{chapter.12}{\376\377\0001\0002\000\040\000B\000u\000g\000\040\000L\000i\000s\000t}{}
\BOOKMARK [0][-]{section*.11}{\376\377\000B\000i\000b\000l\000i\000o\000g\000r\000a\000p\000h\000y}{}
